<?xml version="1.0" encoding="UTF-8"?>
<!-- Generated by org.testng.reporters.JUnitReportReporter -->
<testsuite hostname="DESKTOP-ADO" failures="0" tests="2" name="challenge.instabugchallenge.AppTest" time="10.271" errors="0" timestamp="2021-10-26T08:53:28 EET" skipped="0">
  <testcase classname="challenge.instabugchallenge.AppTest" name="shouldAnswerWithTrueWhenClickOnSearch" time="3.355"/>
  <system-out/>
  <testcase classname="challenge.instabugchallenge.AppTest" name="shouldAnswerWithTrueWhenClickOnEnter" time="6.916"/>
  <system-out/>
</testsuite> <!-- challenge.instabugchallenge.AppTest -->
